# JRE version: OpenJDK Runtime Environment (8.0_212-b04) (build 1.8.0_212-release-1586-b04)
# Java VM: OpenJDK 64-Bit Server VM (25.212-b04 mixed mode windows-amd64 compressed oops)
Heap:
 PSYoungGen      total 210944K, used 157865K [0x00000000e0000000, 0x00000000ef380000, 0x0000000100000000)
  eden space 172544K, 89% used [0x00000000e0000000,0x00000000e96124d0,0x00000000ea880000)
  from space 38400K, 10% used [0x00000000ea880000,0x00000000eac98000,0x00000000ece00000)
  to   space 37376K, 0% used [0x00000000ecf00000,0x00000000ecf00000,0x00000000ef380000)
 ParOldGen       total 170496K, used 100586K [0x00000000a0000000, 0x00000000aa680000, 0x00000000e0000000)
  object space 170496K, 58% used [0x00000000a0000000,0x00000000a623a9e8,0x00000000aa680000)
 Metaspace       used 97681K, capacity 101276K, committed 101632K, reserved 1138688K
  class space    used 12567K, capacity 13257K, committed 13312K, reserved 1048576K
GC Heap History (10 events):
Event: 558.225 GC heap before
{Heap before GC invocations=39 (full 4):
 PSYoungGen      total 165376K, used 131488K [0x00000000e0000000, 0x00000000ec800000, 0x0000000100000000)
  eden space 126976K, 100% used [0x00000000e0000000,0x00000000e7c00000,0x00000000e7c00000)
  from space 38400K, 11% used [0x00000000ea280000,0x00000000ea6e8080,0x00000000ec800000)
  to   space 38912K, 0% used [0x00000000e7c00000,0x00000000e7c00000,0x00000000ea200000)
 ParOldGen       total 170496K, used 73316K [0x00000000a0000000, 0x00000000aa680000, 0x00000000e0000000)
  object space 170496K, 43% used [0x00000000a0000000,0x00000000a4799110,0x00000000aa680000)
 Metaspace       used 96881K, capacity 100344K, committed 100608K, reserved 1136640K
  class space    used 12495K, capacity 13165K, committed 13312K, reserved 1048576K
Event: 558.255 GC heap after
Heap after GC invocations=39 (full 4):
 PSYoungGen      total 165888K, used 11794K [0x00000000e0000000, 0x00000000ed500000, 0x0000000100000000)
  eden space 126976K, 0% used [0x00000000e0000000,0x00000000e0000000,0x00000000e7c00000)
  from space 38912K, 30% used [0x00000000e7c00000,0x00000000e8784b78,0x00000000ea200000)
  to   space 36864K, 0% used [0x00000000eb100000,0x00000000eb100000,0x00000000ed500000)
 ParOldGen       total 170496K, used 73324K [0x00000000a0000000, 0x00000000aa680000, 0x00000000e0000000)
  object space 170496K, 43% used [0x00000000a0000000,0x00000000a479b110,0x00000000aa680000)
 Metaspace       used 96881K, capacity 100344K, committed 100608K, reserved 1136640K
  class space    used 12495K, capacity 13165K, committed 13312K, reserved 1048576K
}
Event: 559.277 GC heap before
{Heap before GC invocations=40 (full 4):
 PSYoungGen      total 165888K, used 138770K [0x00000000e0000000, 0x00000000ed500000, 0x0000000100000000)
  eden space 126976K, 100% used [0x00000000e0000000,0x00000000e7c00000,0x00000000e7c00000)
  from space 38912K, 30% used [0x00000000e7c00000,0x00000000e8784b78,0x00000000ea200000)
  to   space 36864K, 0% used [0x00000000eb100000,0x00000000eb100000,0x00000000ed500000)
 ParOldGen       total 170496K, used 73324K [0x00000000a0000000, 0x00000000aa680000, 0x00000000e0000000)
  object space 170496K, 43% used [0x00000000a0000000,0x00000000a479b110,0x00000000aa680000)
 Metaspace       used 97437K, capacity 100952K, committed 101120K, reserved 1136640K
  class space    used 12559K, capacity 13249K, committed 13312K, reserved 1048576K
Event: 559.633 GC heap after
Heap after GC invocations=40 (full 4):
 PSYoungGen      total 178688K, used 26754K [0x00000000e0000000, 0x00000000ee380000, 0x0000000100000000)
  eden space 141824K, 0% used [0x00000000e0000000,0x00000000e0000000,0x00000000e8a80000)
  from space 36864K, 72% used [0x00000000eb100000,0x00000000ecb20b88,0x00000000ed500000)
  to   space 39424K, 0% used [0x00000000e8a80000,0x00000000e8a80000,0x00000000eb100000)
 ParOldGen       total 170496K, used 74524K [0x00000000a0000000, 0x00000000aa680000, 0x00000000e0000000)
  object space 170496K, 43% used [0x00000000a0000000,0x00000000a48c7378,0x00000000aa680000)
 Metaspace       used 97437K, capacity 100952K, committed 101120K, reserved 1136640K
  class space    used 12559K, capacity 13249K, committed 13312K, reserved 1048576K
}
Event: 560.795 GC heap before
{Heap before GC invocations=41 (full 4):
 PSYoungGen      total 178688K, used 168578K [0x00000000e0000000, 0x00000000ee380000, 0x0000000100000000)
  eden space 141824K, 100% used [0x00000000e0000000,0x00000000e8a80000,0x00000000e8a80000)
  from space 36864K, 72% used [0x00000000eb100000,0x00000000ecb20b88,0x00000000ed500000)
  to   space 39424K, 0% used [0x00000000e8a80000,0x00000000e8a80000,0x00000000eb100000)
 ParOldGen       total 170496K, used 74524K [0x00000000a0000000, 0x00000000aa680000, 0x00000000e0000000)
  object space 170496K, 43% used [0x00000000a0000000,0x00000000a48c7378,0x00000000aa680000)
 Metaspace       used 97503K, capacity 101100K, committed 101376K, reserved 1136640K
  class space    used 12559K, capacity 13249K, committed 13312K, reserved 1048576K
Event: 560.974 GC heap after
Heap after GC invocations=41 (full 4):
 PSYoungGen      total 181248K, used 19594K [0x00000000e0000000, 0x00000000ef480000, 0x0000000100000000)
  eden space 141824K, 0% used [0x00000000e0000000,0x00000000e0000000,0x00000000e8a80000)
  from space 39424K, 49% used [0x00000000e8a80000,0x00000000e9da2808,0x00000000eb100000)
  to   space 38400K, 0% used [0x00000000ecf00000,0x00000000ecf00000,0x00000000ef480000)
 ParOldGen       total 170496K, used 82068K [0x00000000a0000000, 0x00000000aa680000, 0x00000000e0000000)
  object space 170496K, 48% used [0x00000000a0000000,0x00000000a5025030,0x00000000aa680000)
 Metaspace       used 97503K, capacity 101100K, committed 101376K, reserved 1136640K
  class space    used 12559K, capacity 13249K, committed 13312K, reserved 1048576K
}
Event: 562.207 GC heap before
{Heap before GC invocations=42 (full 4):
 PSYoungGen      total 181248K, used 161418K [0x00000000e0000000, 0x00000000ef480000, 0x0000000100000000)
  eden space 141824K, 100% used [0x00000000e0000000,0x00000000e8a80000,0x00000000e8a80000)
  from space 39424K, 49% used [0x00000000e8a80000,0x00000000e9da2808,0x00000000eb100000)
  to   space 38400K, 0% used [0x00000000ecf00000,0x00000000ecf00000,0x00000000ef480000)
 ParOldGen       total 170496K, used 82068K [0x00000000a0000000, 0x00000000aa680000, 0x00000000e0000000)
  object space 170496K, 48% used [0x00000000a0000000,0x00000000a5025030,0x00000000aa680000)
 Metaspace       used 97514K, capacity 101100K, committed 101376K, reserved 1136640K
  class space    used 12559K, capacity 13249K, committed 13312K, reserved 1048576K
Event: 562.251 GC heap after
Heap after GC invocations=42 (full 4):
 PSYoungGen      total 209920K, used 2048K [0x00000000e0000000, 0x00000000ef380000, 0x0000000100000000)
  eden space 172544K, 0% used [0x00000000e0000000,0x00000000e0000000,0x00000000ea880000)
  from space 37376K, 5% used [0x00000000ecf00000,0x00000000ed100000,0x00000000ef380000)
  to   space 38400K, 0% used [0x00000000ea880000,0x00000000ea880000,0x00000000ece00000)
 ParOldGen       total 170496K, used 98694K [0x00000000a0000000, 0x00000000aa680000, 0x00000000e0000000)
  object space 170496K, 57% used [0x00000000a0000000,0x00000000a60619d8,0x00000000aa680000)
 Metaspace       used 97514K, capacity 101100K, committed 101376K, reserved 1136640K
  class space    used 12559K, capacity 13249K, committed 13312K, reserved 1048576K
}
Event: 563.883 GC heap before
{Heap before GC invocations=43 (full 4):
 PSYoungGen      total 209920K, used 174592K [0x00000000e0000000, 0x00000000ef380000, 0x0000000100000000)
  eden space 172544K, 100% used [0x00000000e0000000,0x00000000ea880000,0x00000000ea880000)
  from space 37376K, 5% used [0x00000000ecf00000,0x00000000ed100000,0x00000000ef380000)
  to   space 38400K, 0% used [0x00000000ea880000,0x00000000ea880000,0x00000000ece00000)
 ParOldGen       total 170496K, used 98694K [0x00000000a0000000, 0x00000000aa680000, 0x00000000e0000000)
  object space 170496K, 57% used [0x00000000a0000000,0x00000000a60619d8,0x00000000aa680000)
 Metaspace       used 97538K, capacity 101100K, committed 101376K, reserved 1136640K
  class space    used 12559K, capacity 13249K, committed 13312K, reserved 1048576K
Event: 563.898 GC heap after
Heap after GC invocations=43 (full 4):
 PSYoungGen      total 210944K, used 4192K [0x00000000e0000000, 0x00000000ef380000, 0x0000000100000000)
  eden space 172544K, 0% used [0x00000000e0000000,0x00000000e0000000,0x00000000ea880000)
  from space 38400K, 10% used [0x00000000ea880000,0x00000000eac98000,0x00000000ece00000)
  to   space 37376K, 0% used [0x00000000ecf00000,0x00000000ecf00000,0x00000000ef380000)
 ParOldGen       total 170496K, used 100586K [0x00000000a0000000, 0x00000000aa680000, 0x00000000e0000000)
  object space 170496K, 58% used [0x00000000a0000000,0x00000000a623a9e8,0x00000000aa680000)
 Metaspace       used 97538K, capacity 101100K, committed 101376K, reserved 1136640K
  class space    used 12559K, capacity 13249K, committed 13312K, reserved 1048576K
}

